20:26:50.640 [main] DEBUG com.intuit.karate.Suite - [config] classpath:karate-config.js
20:26:52.043 [main] DEBUG com.intuit.karate - request:
1 > GET http://192.168.0.182:8080/parabank/services/bank/login/john/demo
1 > Accept: application/json
1 > Host: 192.168.0.182:8080
1 > Connection: Keep-Alive
1 > User-Agent: Apache-HttpClient/4.5.13 (Java/1.8.0_462)
1 > Accept-Encoding: gzip,deflate


20:26:57.071 [main] ERROR com.intuit.karate - org.apache.http.conn.ConnectTimeoutException: Connect to 192.168.0.182:8080 [/192.168.0.182] failed: connect timed out, http call failed after 5389 milliseconds for url: http://192.168.0.182:8080/parabank/services/bank/login/john/demo
20:26:57.072 [main] ERROR com.intuit.karate - classpath:org/udea/parabank/login.feature:12
When method GET
http call failed after 5389 milliseconds for url: http://192.168.0.182:8080/parabank/services/bank/login/john/demo
classpath:org/udea/parabank/login.feature:12
20:30:07.297 [main] DEBUG com.intuit.karate.Suite - [config] classpath:karate-config.js
20:30:08.757 [main] DEBUG com.intuit.karate - request:
1 > GET http://192.168.0.182:8080/parabank/services/bank/login/john/demo
1 > Accept: application/json
1 > Host: 192.168.0.182:8080
1 > Connection: Keep-Alive
1 > User-Agent: Apache-HttpClient/4.5.13 (Java/1.8.0_462)
1 > Accept-Encoding: gzip,deflate


20:30:08.967 [main] DEBUG com.intuit.karate.Suite - [config] classpath:karate-config.js
20:30:10.312 [main] DEBUG com.intuit.karate - request:
1 > GET http://192.168.0.182:8080/parabank/services/bank/login/john/demo
1 > Accept: application/json
1 > Host: 192.168.0.182:8080
1 > Connection: Keep-Alive
1 > User-Agent: Apache-HttpClient/4.5.13 (Java/1.8.0_462)
1 > Accept-Encoding: gzip,deflate


20:30:13.782 [main] ERROR com.intuit.karate - org.apache.http.conn.ConnectTimeoutException: Connect to 192.168.0.182:8080 [/192.168.0.182] failed: connect timed out, http call failed after 5565 milliseconds for url: http://192.168.0.182:8080/parabank/services/bank/login/john/demo
20:30:13.782 [main] ERROR com.intuit.karate - classpath:org/udea/parabank/login.feature:12
When method GET
http call failed after 5565 milliseconds for url: http://192.168.0.182:8080/parabank/services/bank/login/john/demo
classpath:org/udea/parabank/login.feature:12
20:30:15.335 [main] ERROR com.intuit.karate - org.apache.http.conn.ConnectTimeoutException: Connect to 192.168.0.182:8080 [/192.168.0.182] failed: connect timed out, http call failed after 5511 milliseconds for url: http://192.168.0.182:8080/parabank/services/bank/login/john/demo
20:30:15.335 [main] ERROR com.intuit.karate - classpath:org/udea/parabank/login.feature:12
When method GET
http call failed after 5511 milliseconds for url: http://192.168.0.182:8080/parabank/services/bank/login/john/demo
classpath:org/udea/parabank/login.feature:12
20:30:26.870 [main] DEBUG com.intuit.karate.Suite - [config] classpath:karate-config.js
20:30:28.220 [main] DEBUG com.intuit.karate - request:
1 > GET http://192.168.0.182:8080/parabank/services/bank/login/john/demo
1 > Accept: application/json
1 > Host: 192.168.0.182:8080
1 > Connection: Keep-Alive
1 > User-Agent: Apache-HttpClient/4.5.13 (Java/1.8.0_462)
1 > Accept-Encoding: gzip,deflate


20:30:33.237 [main] ERROR com.intuit.karate - org.apache.http.conn.ConnectTimeoutException: Connect to 192.168.0.182:8080 [/192.168.0.182] failed: connect timed out, http call failed after 5509 milliseconds for url: http://192.168.0.182:8080/parabank/services/bank/login/john/demo
20:30:33.237 [main] ERROR com.intuit.karate - classpath:org/udea/parabank/login.feature:12
When method GET
http call failed after 5509 milliseconds for url: http://192.168.0.182:8080/parabank/services/bank/login/john/demo
classpath:org/udea/parabank/login.feature:12
20:32:24.054 [main] DEBUG com.intuit.karate.Suite - [config] classpath:karate-config.js
20:32:25.595 [main] DEBUG com.intuit.karate - request:
1 > GET https://parabank.parasoft.com/parabank/services/bank/login/john/demo
1 > Accept: application/json
1 > Host: parabank.parasoft.com
1 > Connection: Keep-Alive
1 > User-Agent: Apache-HttpClient/4.5.13 (Java/1.8.0_462)
1 > Accept-Encoding: gzip,deflate


20:32:26.478 [main] DEBUG com.intuit.karate - response time in milliseconds: 880
1 < 200
1 < Date: Wed, 22 Oct 2025 01:32:26 GMT
1 < Content-Type: application/json
1 < Transfer-Encoding: chunked
1 < Connection: keep-alive
1 < Server: cloudflare
1 < cf-cache-status: DYNAMIC
1 < X-Content-Type-Options: nosniff
1 < CF-RAY: 99253da79a1ea528-MIA
{"id":12212,"firstName":"John","lastName":"Smith","address":{"street":"1431 Main St","city":"Beverly Hills","state":"CA","zipCode":"90210"},"phoneNumber":"310-447-4121","ssn":"622-11-9999"}

20:47:49.602 [main] DEBUG com.intuit.karate.Suite - [config] classpath:karate-config.js
20:47:51.039 [main] DEBUG com.intuit.karate - request:
1 > POST https://parabank.parasoft.com/parabank/services/bank/transfer?amount=195&fromAccountId=54321&toAccountId=15675
1 > Accept: application/json
1 > Host: parabank.parasoft.com
1 > Connection: Keep-Alive
1 > User-Agent: Apache-HttpClient/4.5.13 (Java/1.8.0_462)
1 > Accept-Encoding: gzip,deflate


20:47:51.885 [main] DEBUG com.intuit.karate - response time in milliseconds: 845
1 < 200
1 < Date: Wed, 22 Oct 2025 01:47:51 GMT
1 < Content-Type: application/json
1 < Transfer-Encoding: chunked
1 < Connection: keep-alive
1 < Server: cloudflare
1 < cf-cache-status: DYNAMIC
1 < X-Content-Type-Options: nosniff
1 < CF-RAY: 9925543e9b7d31f2-MIA
Successfully transferred $195 from account #54321 to account #15675

21:07:08.959 [main] ERROR com.intuit.karate.core.FeatureParser - not a valid feature file: org/udea/parabank/TransferFunds.feature - mismatched input '"' expecting <EOF>
21:26:20.197 [main] DEBUG com.intuit.karate.Suite - [config] classpath:karate-config.js
21:26:21.624 [main] DEBUG com.intuit.karate - request:
1 > POST https://parabank.parasoft.com/parabank/services/bank/transfer?amount=75&fromAccountId=54321&toAccountId=15675
1 > Accept: application/json
1 > Host: parabank.parasoft.com
1 > Connection: Keep-Alive
1 > User-Agent: Apache-HttpClient/4.5.13 (Java/1.8.0_462)
1 > Accept-Encoding: gzip,deflate


21:26:24.121 [main] DEBUG com.intuit.karate - response time in milliseconds: 2496
1 < 200
1 < Date: Wed, 22 Oct 2025 02:26:23 GMT
1 < Content-Type: application/json
1 < Transfer-Encoding: chunked
1 < Connection: keep-alive
1 < Server: cloudflare
1 < cf-cache-status: DYNAMIC
1 < X-Content-Type-Options: nosniff
1 < CF-RAY: 99258cb0890b2af6-MIA
Successfully transferred $75 from account #54321 to account #15675

21:26:24.154 [main] DEBUG com.intuit.karate - request:
1 > POST https://parabank.parasoft.com/parabank/services/bank/transfer?amount=21&fromAccountId=48099&toAccountId=70350
1 > Accept: application/json
1 > Host: parabank.parasoft.com
1 > Connection: Keep-Alive
1 > User-Agent: Apache-HttpClient/4.5.13 (Java/1.8.0_462)
1 > Accept-Encoding: gzip,deflate


21:26:24.610 [main] DEBUG com.intuit.karate - response time in milliseconds: 456
1 < 400
1 < Date: Wed, 22 Oct 2025 02:26:24 GMT
1 < Content-Type: text/plain;charset=UTF-8
1 < Content-Length: 48
1 < Connection: keep-alive
1 < Server: cloudflare
1 < cf-cache-status: DYNAMIC
1 < X-Content-Type-Options: nosniff
1 < CF-RAY: 99258cb5efd5f498-MIA
Could not find account number 48099 and/or 70350

21:26:53.689 [main] DEBUG com.intuit.karate.Suite - [config] classpath:karate-config.js
21:26:55.091 [main] DEBUG com.intuit.karate - request:
1 > POST https://parabank.parasoft.com/parabank/services/bank/transfer?amount=103&fromAccountId=54321&toAccountId=15675
1 > Accept: application/json
1 > Host: parabank.parasoft.com
1 > Connection: Keep-Alive
1 > User-Agent: Apache-HttpClient/4.5.13 (Java/1.8.0_462)
1 > Accept-Encoding: gzip,deflate


21:26:55.676 [main] DEBUG com.intuit.karate - response time in milliseconds: 584
1 < 200
1 < Date: Wed, 22 Oct 2025 02:26:55 GMT
1 < Content-Type: application/json
1 < Transfer-Encoding: chunked
1 < Connection: keep-alive
1 < Server: cloudflare
1 < cf-cache-status: DYNAMIC
1 < X-Content-Type-Options: nosniff
1 < CF-RAY: 99258d77feba1f08-MIA
Successfully transferred $103 from account #54321 to account #15675

21:26:55.717 [main] DEBUG com.intuit.karate - request:
1 > POST https://parabank.parasoft.com/parabank/services/bank/transfer?amount=74&fromAccountId=64685&toAccountId=74438
1 > Accept: application/json
1 > Host: parabank.parasoft.com
1 > Connection: Keep-Alive
1 > User-Agent: Apache-HttpClient/4.5.13 (Java/1.8.0_462)
1 > Accept-Encoding: gzip,deflate


21:26:56.424 [main] DEBUG com.intuit.karate - response time in milliseconds: 707
1 < 400
1 < Date: Wed, 22 Oct 2025 02:26:56 GMT
1 < Content-Type: text/plain;charset=UTF-8
1 < Content-Length: 48
1 < Connection: keep-alive
1 < Server: cloudflare
1 < cf-cache-status: DYNAMIC
1 < X-Content-Type-Options: nosniff
1 < CF-RAY: 99258d7cda8b45f2-MIA
Could not find account number 64685 and/or 74438

21:26:57.177 [main] DEBUG com.intuit.karate.Suite - [config] classpath:karate-config.js
21:26:57.184 [main] DEBUG com.intuit.karate - request:
1 > GET https://parabank.parasoft.com/parabank/services/bank/login/john/demo
1 > Accept: application/json
1 > Host: parabank.parasoft.com
1 > Connection: Keep-Alive
1 > User-Agent: Apache-HttpClient/4.5.13 (Java/1.8.0_462)
1 > Accept-Encoding: gzip,deflate


21:26:57.653 [main] DEBUG com.intuit.karate - response time in milliseconds: 469
1 < 200
1 < Date: Wed, 22 Oct 2025 02:26:57 GMT
1 < Content-Type: application/json
1 < Transfer-Encoding: chunked
1 < Connection: keep-alive
1 < Server: cloudflare
1 < cf-cache-status: DYNAMIC
1 < X-Content-Type-Options: nosniff
1 < CF-RAY: 99258d846a673340-MIA
{"id":12212,"firstName":"John","lastName":"Smith","address":{"street":"1431 Main St","city":"Beverly Hills","state":"CA","zipCode":"90210"},"phoneNumber":"310-447-4121","ssn":"622-11-9999"}

14:10:32.715 [main] DEBUG com.intuit.karate.Suite - [config] classpath:karate-config.js
14:10:34.172 [main] DEBUG com.intuit.karate - request:
1 > GET https://parabank.parasoft.com/parabank/services/bank/login/john/demo
1 > Accept: application/json
1 > Host: parabank.parasoft.com
1 > Connection: Keep-Alive
1 > User-Agent: Apache-HttpClient/4.5.13 (Java/21.0.5)
1 > Accept-Encoding: gzip,deflate


14:10:34.954 [main] DEBUG com.intuit.karate - response time in milliseconds: 779
1 < 200
1 < Date: Sun, 26 Oct 2025 19:10:33 GMT
1 < Content-Type: application/json
1 < Transfer-Encoding: chunked
1 < Connection: keep-alive
1 < Server: cloudflare
1 < cf-cache-status: DYNAMIC
1 < X-Content-Type-Options: nosniff
1 < CF-RAY: 994c41249e7b6d1f-MIA
{"id":12212,"firstName":"John","lastName":"Smith","address":{"street":"1431 Main St","city":"Beverly Hills","state":"CA","zipCode":"90210"},"phoneNumber":"310-447-4121","ssn":"622-11-9999"}

14:10:35.078 [main] ERROR com.intuit.karate - classpath:org/udea/parabank/login.feature:34
And parh 'WrongPassword'
no step-definition method match found for: parh 'WrongPassword'
classpath:org/udea/parabank/login.feature:34
14:11:09.942 [main] DEBUG com.intuit.karate.Suite - [config] classpath:karate-config.js
14:11:11.942 [main] DEBUG com.intuit.karate - request:
1 > GET https://parabank.parasoft.com/parabank/services/bank/login/john/demo
1 > Accept: application/json
1 > Host: parabank.parasoft.com
1 > Connection: Keep-Alive
1 > User-Agent: Apache-HttpClient/4.5.13 (Java/1.8.0_462)
1 > Accept-Encoding: gzip,deflate


14:11:12.757 [main] DEBUG com.intuit.karate - response time in milliseconds: 811
1 < 200
1 < Date: Sun, 26 Oct 2025 19:11:11 GMT
1 < Content-Type: application/json
1 < Transfer-Encoding: chunked
1 < Connection: keep-alive
1 < Server: cloudflare
1 < cf-cache-status: DYNAMIC
1 < X-Content-Type-Options: nosniff
1 < CF-RAY: 994c4210a83ecc76-TPA
{"id":12212,"firstName":"John","lastName":"Smith","address":{"street":"1431 Main St","city":"Beverly Hills","state":"CA","zipCode":"90210"},"phoneNumber":"310-447-4121","ssn":"622-11-9999"}

14:11:12.844 [main] ERROR com.intuit.karate - classpath:org/udea/parabank/login.feature:34
And parh 'WrongPassword'
no step-definition method match found for: parh 'WrongPassword'
classpath:org/udea/parabank/login.feature:34
14:11:34.584 [main] DEBUG com.intuit.karate.Suite - [config] classpath:karate-config.js
14:11:36.209 [main] DEBUG com.intuit.karate - request:
1 > GET https://parabank.parasoft.com/parabank/services/bank/login/john/demo
1 > Accept: application/json
1 > Host: parabank.parasoft.com
1 > Connection: Keep-Alive
1 > User-Agent: Apache-HttpClient/4.5.13 (Java/1.8.0_462)
1 > Accept-Encoding: gzip,deflate


14:11:36.721 [main] DEBUG com.intuit.karate - response time in milliseconds: 509
1 < 200
1 < Date: Sun, 26 Oct 2025 19:11:35 GMT
1 < Content-Type: application/json
1 < Transfer-Encoding: chunked
1 < Connection: keep-alive
1 < Server: cloudflare
1 < cf-cache-status: DYNAMIC
1 < X-Content-Type-Options: nosniff
1 < CF-RAY: 994c42a78ac3c82c-TPA
{"id":12212,"firstName":"John","lastName":"Smith","address":{"street":"1431 Main St","city":"Beverly Hills","state":"CA","zipCode":"90210"},"phoneNumber":"310-447-4121","ssn":"622-11-9999"}

14:11:36.811 [main] ERROR com.intuit.karate - classpath:org/udea/parabank/login.feature:34
And parh 'WrongPassword'
no step-definition method match found for: parh 'WrongPassword'
classpath:org/udea/parabank/login.feature:34
14:12:13.827 [main] DEBUG com.intuit.karate.Suite - [config] classpath:karate-config.js
14:12:15.489 [main] DEBUG com.intuit.karate - request:
1 > GET https://parabank.parasoft.com/parabank/services/bank/login/john/demo
1 > Accept: application/json
1 > Host: parabank.parasoft.com
1 > Connection: Keep-Alive
1 > User-Agent: Apache-HttpClient/4.5.13 (Java/1.8.0_462)
1 > Accept-Encoding: gzip,deflate


14:12:16.113 [main] DEBUG com.intuit.karate - response time in milliseconds: 622
1 < 200
1 < Date: Sun, 26 Oct 2025 19:12:15 GMT
1 < Content-Type: application/json
1 < Transfer-Encoding: chunked
1 < Connection: keep-alive
1 < Server: cloudflare
1 < cf-cache-status: DYNAMIC
1 < X-Content-Type-Options: nosniff
1 < CF-RAY: 994c439ceea728b2-MIA
{"id":12212,"firstName":"John","lastName":"Smith","address":{"street":"1431 Main St","city":"Beverly Hills","state":"CA","zipCode":"90210"},"phoneNumber":"310-447-4121","ssn":"622-11-9999"}

14:12:16.193 [main] DEBUG com.intuit.karate - request:
1 > GET https://parabank.parasoft.com/parabank/services/bank/login/invalidUserName/WrongPassword
1 > Accept: application/json
1 > Host: parabank.parasoft.com
1 > Connection: Keep-Alive
1 > User-Agent: Apache-HttpClient/4.5.13 (Java/1.8.0_462)
1 > Accept-Encoding: gzip,deflate


14:12:16.660 [main] DEBUG com.intuit.karate - response time in milliseconds: 467
1 < 400
1 < Date: Sun, 26 Oct 2025 19:12:15 GMT
1 < Content-Type: text/plain;charset=UTF-8
1 < Content-Length: 32
1 < Connection: keep-alive
1 < Server: cloudflare
1 < cf-cache-status: DYNAMIC
1 < X-Content-Type-Options: nosniff
1 < CF-RAY: 994c43a06a4e37a4-MIA
Invalid username and/or password

14:13:01.749 [main] DEBUG com.intuit.karate.Suite - [config] classpath:karate-config.js
14:13:03.060 [main] DEBUG com.intuit.karate - request:
1 > GET https://parabank.parasoft.com/parabank/services/bank/login/john/demo
1 > Accept: application/json
1 > Host: parabank.parasoft.com
1 > Connection: Keep-Alive
1 > User-Agent: Apache-HttpClient/4.5.13 (Java/21.0.5)
1 > Accept-Encoding: gzip,deflate


14:13:03.861 [main] DEBUG com.intuit.karate - response time in milliseconds: 799
1 < 200
1 < Date: Sun, 26 Oct 2025 19:13:02 GMT
1 < Content-Type: application/json
1 < Transfer-Encoding: chunked
1 < Connection: keep-alive
1 < Server: cloudflare
1 < cf-cache-status: DYNAMIC
1 < X-Content-Type-Options: nosniff
1 < CF-RAY: 994c44c74899eeeb-MIA
{"id":12212,"firstName":"John","lastName":"Smith","address":{"street":"1431 Main St","city":"Beverly Hills","state":"CA","zipCode":"90210"},"phoneNumber":"310-447-4121","ssn":"622-11-9999"}

14:13:03.972 [main] DEBUG com.intuit.karate - request:
1 > GET https://parabank.parasoft.com/parabank/services/bank/login/invalidUserName/WrongPassword
1 > Accept: application/json
1 > Host: parabank.parasoft.com
1 > Connection: Keep-Alive
1 > User-Agent: Apache-HttpClient/4.5.13 (Java/21.0.5)
1 > Accept-Encoding: gzip,deflate


14:13:04.486 [main] DEBUG com.intuit.karate - response time in milliseconds: 514
1 < 400
1 < Date: Sun, 26 Oct 2025 19:13:03 GMT
1 < Content-Type: text/plain;charset=UTF-8
1 < Content-Length: 32
1 < Connection: keep-alive
1 < Server: cloudflare
1 < cf-cache-status: DYNAMIC
1 < X-Content-Type-Options: nosniff
1 < CF-RAY: 994c44cb1bdfcc79-TPA
Invalid username and/or password

14:14:29.959 [main] DEBUG com.intuit.karate.Suite - [config] classpath:karate-config.js
14:14:31.681 [main] DEBUG com.intuit.karate - request:
1 > GET https://parabank.parasoft.com/parabank/services/bank/login/john/demo
1 > Accept: application/json
1 > Host: parabank.parasoft.com
1 > Connection: Keep-Alive
1 > User-Agent: Apache-HttpClient/4.5.13 (Java/1.8.0_462)
1 > Accept-Encoding: gzip,deflate


14:14:32.332 [main] DEBUG com.intuit.karate - response time in milliseconds: 649
1 < 200
1 < Date: Sun, 26 Oct 2025 19:14:31 GMT
1 < Content-Type: application/json
1 < Transfer-Encoding: chunked
1 < Connection: keep-alive
1 < Server: cloudflare
1 < cf-cache-status: DYNAMIC
1 < X-Content-Type-Options: nosniff
1 < CF-RAY: 994c46f039c9747e-MIA
{"id":12212,"firstName":"John","lastName":"Smith","address":{"street":"1431 Main St","city":"Beverly Hills","state":"CA","zipCode":"90210"},"phoneNumber":"310-447-4121","ssn":"622-11-9999"}

14:14:32.412 [main] DEBUG com.intuit.karate - request:
1 > GET https://parabank.parasoft.com/parabank/services/bank/login/invalidUserName/WrongPassword
1 > Accept: application/json
1 > Host: parabank.parasoft.com
1 > Connection: Keep-Alive
1 > User-Agent: Apache-HttpClient/4.5.13 (Java/1.8.0_462)
1 > Accept-Encoding: gzip,deflate


14:14:32.924 [main] DEBUG com.intuit.karate - response time in milliseconds: 512
1 < 400
1 < Date: Sun, 26 Oct 2025 19:14:31 GMT
1 < Content-Type: text/plain;charset=UTF-8
1 < Content-Length: 32
1 < Connection: keep-alive
1 < Server: cloudflare
1 < cf-cache-status: DYNAMIC
1 < X-Content-Type-Options: nosniff
1 < CF-RAY: 994c46f3dee38b48-TPA
Invalid username and/or password

14:14:32.940 [main] DEBUG com.intuit.karate - request:
1 > GET https://parabank.parasoft.com/parabank/services/bank/login//
1 > Accept: application/json
1 > Host: parabank.parasoft.com
1 > Connection: Keep-Alive
1 > User-Agent: Apache-HttpClient/4.5.13 (Java/1.8.0_462)
1 > Accept-Encoding: gzip,deflate


14:14:33.312 [main] DEBUG com.intuit.karate - response time in milliseconds: 372
1 < 404
1 < Date: Sun, 26 Oct 2025 19:14:32 GMT
1 < Content-Length: 0
1 < Connection: keep-alive
1 < Server: cloudflare
1 < allow: POST,GET,OPTIONS,HEAD
1 < cf-cache-status: DYNAMIC
1 < X-Content-Type-Options: nosniff
1 < CF-RAY: 994c46f70e848d9d-MIA


14:14:33.315 [main] ERROR com.intuit.karate - classpath:org/udea/parabank/login.feature:44
Then status 403
status code was: 404, expected: 403, response time in milliseconds: 372, url: https://parabank.parasoft.com/parabank/services/bank/login//, response: 

classpath:org/udea/parabank/login.feature:44
14:15:02.877 [main] DEBUG com.intuit.karate.Suite - [config] classpath:karate-config.js
14:15:04.468 [main] DEBUG com.intuit.karate - request:
1 > GET https://parabank.parasoft.com/parabank/services/bank/login/john/demo
1 > Accept: application/json
1 > Host: parabank.parasoft.com
1 > Connection: Keep-Alive
1 > User-Agent: Apache-HttpClient/4.5.13 (Java/1.8.0_462)
1 > Accept-Encoding: gzip,deflate


14:15:05.118 [main] DEBUG com.intuit.karate - response time in milliseconds: 646
1 < 200
1 < Date: Sun, 26 Oct 2025 19:15:04 GMT
1 < Content-Type: application/json
1 < Transfer-Encoding: chunked
1 < Connection: keep-alive
1 < Server: cloudflare
1 < cf-cache-status: DYNAMIC
1 < X-Content-Type-Options: nosniff
1 < CF-RAY: 994c47bd19402595-MIA
{"id":12212,"firstName":"John","lastName":"Smith","address":{"street":"1431 Main St","city":"Beverly Hills","state":"CA","zipCode":"90210"},"phoneNumber":"310-447-4121","ssn":"622-11-9999"}

14:15:05.228 [main] DEBUG com.intuit.karate - request:
1 > GET https://parabank.parasoft.com/parabank/services/bank/login/invalidUserName/WrongPassword
1 > Accept: application/json
1 > Host: parabank.parasoft.com
1 > Connection: Keep-Alive
1 > User-Agent: Apache-HttpClient/4.5.13 (Java/1.8.0_462)
1 > Accept-Encoding: gzip,deflate


14:15:05.598 [main] DEBUG com.intuit.karate - response time in milliseconds: 370
1 < 400
1 < Date: Sun, 26 Oct 2025 19:15:04 GMT
1 < Content-Type: text/plain;charset=UTF-8
1 < Content-Length: 32
1 < Connection: keep-alive
1 < Server: cloudflare
1 < cf-cache-status: DYNAMIC
1 < X-Content-Type-Options: nosniff
1 < CF-RAY: 994c47c10ecd0da2-TPA
Invalid username and/or password

14:15:05.627 [main] DEBUG com.intuit.karate - request:
1 > GET https://parabank.parasoft.com/parabank/services/bank/login//
1 > Accept: application/json
1 > Host: parabank.parasoft.com
1 > Connection: Keep-Alive
1 > User-Agent: Apache-HttpClient/4.5.13 (Java/1.8.0_462)
1 > Accept-Encoding: gzip,deflate


14:15:06.088 [main] DEBUG com.intuit.karate - response time in milliseconds: 461
1 < 404
1 < Date: Sun, 26 Oct 2025 19:15:05 GMT
1 < Content-Length: 0
1 < Connection: keep-alive
1 < Server: cloudflare
1 < allow: POST,GET,OPTIONS,HEAD
1 < cf-cache-status: DYNAMIC
1 < X-Content-Type-Options: nosniff
1 < CF-RAY: 994c47c35f890efd-MIA


14:18:40.825 [main] DEBUG com.intuit.karate.Suite - [config] classpath:karate-config.js
14:18:42.372 [main] DEBUG com.intuit.karate - request:
1 > GET https://parabank.parasoft.com/parabank/services/bank/login/john/demo
1 > Accept: application/json
1 > Host: parabank.parasoft.com
1 > Connection: Keep-Alive
1 > User-Agent: Apache-HttpClient/4.5.13 (Java/1.8.0_462)
1 > Accept-Encoding: gzip,deflate


14:18:43.171 [main] DEBUG com.intuit.karate - response time in milliseconds: 796
1 < 200
1 < Date: Sun, 26 Oct 2025 19:18:42 GMT
1 < Content-Type: application/json
1 < Transfer-Encoding: chunked
1 < Connection: keep-alive
1 < Server: cloudflare
1 < cf-cache-status: DYNAMIC
1 < X-Content-Type-Options: nosniff
1 < CF-RAY: 994c4d0ffc33ff30-MIA
{"id":12212,"firstName":"John","lastName":"Smith","address":{"street":"1431 Main St","city":"Beverly Hills","state":"CA","zipCode":"90210"},"phoneNumber":"310-447-4121","ssn":"622-11-9999"}

14:18:43.207 [main] ERROR com.intuit.karate - classpath:org/udea/parabank/login.feature:14
And match responseTime < 2000
no step-definition method match found for: match responseTime < 2000
classpath:org/udea/parabank/login.feature:14
14:18:43.239 [main] DEBUG com.intuit.karate - request:
1 > GET https://parabank.parasoft.com/parabank/services/bank/login/invalidUserName/WrongPassword
1 > Accept: application/json
1 > Host: parabank.parasoft.com
1 > Connection: Keep-Alive
1 > User-Agent: Apache-HttpClient/4.5.13 (Java/1.8.0_462)
1 > Accept-Encoding: gzip,deflate


14:18:43.585 [main] DEBUG com.intuit.karate - response time in milliseconds: 345
1 < 400
1 < Date: Sun, 26 Oct 2025 19:18:42 GMT
1 < Content-Type: text/plain;charset=UTF-8
1 < Content-Length: 32
1 < Connection: keep-alive
1 < Server: cloudflare
1 < cf-cache-status: DYNAMIC
1 < X-Content-Type-Options: nosniff
1 < CF-RAY: 994c4d138deccc79-TPA
Invalid username and/or password

14:18:43.614 [main] DEBUG com.intuit.karate - request:
1 > GET https://parabank.parasoft.com/parabank/services/bank/login//
1 > Accept: application/json
1 > Host: parabank.parasoft.com
1 > Connection: Keep-Alive
1 > User-Agent: Apache-HttpClient/4.5.13 (Java/1.8.0_462)
1 > Accept-Encoding: gzip,deflate


14:18:44.067 [main] DEBUG com.intuit.karate - response time in milliseconds: 453
1 < 404
1 < Date: Sun, 26 Oct 2025 19:18:43 GMT
1 < Content-Length: 0
1 < Connection: keep-alive
1 < Server: cloudflare
1 < allow: POST,GET,OPTIONS,HEAD
1 < cf-cache-status: DYNAMIC
1 < X-Content-Type-Options: nosniff
1 < CF-RAY: 994c4d15bbbfadfa-MIA


14:20:46.528 [main] DEBUG com.intuit.karate.Suite - [config] classpath:karate-config.js
14:20:48.095 [main] DEBUG com.intuit.karate - request:
1 > GET https://parabank.parasoft.com/parabank/services/bank/login/john/demo
1 > Accept: application/json
1 > Host: parabank.parasoft.com
1 > Connection: Keep-Alive
1 > User-Agent: Apache-HttpClient/4.5.13 (Java/1.8.0_462)
1 > Accept-Encoding: gzip,deflate


14:20:48.826 [main] DEBUG com.intuit.karate - response time in milliseconds: 729
1 < 200
1 < Date: Sun, 26 Oct 2025 19:20:47 GMT
1 < Content-Type: application/json
1 < Transfer-Encoding: chunked
1 < Connection: keep-alive
1 < Server: cloudflare
1 < cf-cache-status: DYNAMIC
1 < X-Content-Type-Options: nosniff
1 < CF-RAY: 994c50212b8bcc79-TPA
{"id":12212,"firstName":"John","lastName":"Smith","address":{"street":"1431 Main St","city":"Beverly Hills","state":"CA","zipCode":"90210"},"phoneNumber":"310-447-4121","ssn":"622-11-9999"}

14:20:48.906 [main] DEBUG com.intuit.karate - request:
1 > GET https://parabank.parasoft.com/parabank/services/bank/login/invalidUserName/WrongPassword
1 > Accept: application/json
1 > Host: parabank.parasoft.com
1 > Connection: Keep-Alive
1 > User-Agent: Apache-HttpClient/4.5.13 (Java/1.8.0_462)
1 > Accept-Encoding: gzip,deflate


14:20:49.260 [main] DEBUG com.intuit.karate - response time in milliseconds: 353
1 < 400
1 < Date: Sun, 26 Oct 2025 19:20:48 GMT
1 < Content-Type: text/plain;charset=UTF-8
1 < Content-Length: 32
1 < Connection: keep-alive
1 < Server: cloudflare
1 < cf-cache-status: DYNAMIC
1 < X-Content-Type-Options: nosniff
1 < CF-RAY: 994c5024e9258b48-TPA
Invalid username and/or password

14:20:49.282 [main] DEBUG com.intuit.karate - request:
1 > GET https://parabank.parasoft.com/parabank/services/bank/login//
1 > Accept: application/json
1 > Host: parabank.parasoft.com
1 > Connection: Keep-Alive
1 > User-Agent: Apache-HttpClient/4.5.13 (Java/1.8.0_462)
1 > Accept-Encoding: gzip,deflate


14:20:49.754 [main] DEBUG com.intuit.karate - response time in milliseconds: 471
1 < 404
1 < Date: Sun, 26 Oct 2025 19:20:48 GMT
1 < Content-Length: 0
1 < Connection: keep-alive
1 < Server: cloudflare
1 < allow: POST,GET,OPTIONS,HEAD
1 < cf-cache-status: DYNAMIC
1 < X-Content-Type-Options: nosniff
1 < CF-RAY: 994c50272e967445-MIA


